<?xml version="1.0" encoding="UTF-8"?>
<!-- Generated by org.testng.reporters.JUnitReportReporter -->
<testsuite hostname="LAPTOP-4SCJB408" failures="0" tests="1" name="runner.RunCuke" time="28.082" errors="0" timestamp="2023-08-29T15:24:49 IST" skipped="0">
  <testcase classname="runner.RunCuke" name="runScenario" time="28.082"/>
</testsuite> <!-- runner.RunCuke -->
